<?xml version="1.0" encoding="UTF-8"?><testsuite errors="1" failures="0" name="I As a user of the Travelocity website, I want to find a destination to go on vacation" skipped="0" tests="2" time="64.77" timestamp="2020-12-20 03:36:33"><testcase name="Going to the TraveloCity platform"/><testcase name="the user wants to make a reservation with four guests"><error message="invalid selector: The result of the xpath expression &quot;//*[@id=&quot;undefined__btn&quot;]/text()&quot; is: [object Text]. It should be an element.&#10;  (Session info: chrome=87.0.4280.88)&#10;For documentation on this error, please visit: https://www.seleniumhq.org/exceptions/invalid_selector_exception.html&#10;Build info: version: '3.141.59', revision: 'e82be7d358', time: '2018-11-14T08:17:03'&#10;System info: host: 'SSMEDLAPPROAA12', ip: '192.168.1.5', os.name: 'Windows 10', os.arch: 'amd64', os.version: '10.0', java.version: '1.8.0_271'&#10;Driver info: org.openqa.selenium.chrome.ChromeDriver&#10;Capabilities {acceptInsecureCerts: false, browserName: chrome, browserVersion: 87.0.4280.88, chrome: {chromedriverVersion: 86.0.4240.22 (398b0743353ff..., userDataDir: C:\Users\ALVARO~1.ANG\AppDa...}, goog:chromeOptions: {debuggerAddress: localhost:62681}, javascriptEnabled: true, networkConnectionEnabled: false, pageLoadStrategy: normal, platform: WINDOWS, platformName: WINDOWS, proxy: Proxy(), setWindowRect: true, strictFileInteractability: false, timeouts: {implicit: 0, pageLoad: 300000, script: 30000}, unhandledPromptBehavior: dismiss and notify, webauthn:virtualAuthenticators: true}&#10;Session ID: 156ba69c6cd5223bbf93aeb7ef529d89&#10;*** Element info: {Using=xpath, value=//*[@id=&quot;undefined__btn&quot;]/text()}" type="java.lang.AssertionError">invalid selector: The result of the xpath expression "//*[@id="undefined__btn"]/text()" is: [object Text]. It should be an element.
  (Session info: chrome=87.0.4280.88)
For documentation on this error, please visit: https://www.seleniumhq.org/exceptions/invalid_selector_exception.html
Build info: version: '3.141.59', revision: 'e82be7d358', time: '2018-11-14T08:17:03'
System info: host: 'SSMEDLAPPROAA12', ip: '192.168.1.5', os.name: 'Windows 10', os.arch: 'amd64', os.version: '10.0', java.version: '1.8.0_271'
Driver info: org.openqa.selenium.chrome.ChromeDriver
Capabilities {acceptInsecureCerts: false, browserName: chrome, browserVersion: 87.0.4280.88, chrome: {chromedriverVersion: 86.0.4240.22 (398b0743353ff..., userDataDir: C:\Users\ALVARO~1.ANG\AppDa...}, goog:chromeOptions: {debuggerAddress: localhost:62681}, javascriptEnabled: true, networkConnectionEnabled: false, pageLoadStrategy: normal, platform: WINDOWS, platformName: WINDOWS, proxy: Proxy(), setWindowRect: true, strictFileInteractability: false, timeouts: {implicit: 0, pageLoad: 300000, script: 30000}, unhandledPromptBehavior: dismiss and notify, webauthn:virtualAuthenticators: true}
Session ID: 156ba69c6cd5223bbf93aeb7ef529d89
*** Element info: {Using=xpath, value=//*[@id="undefined__btn"]/text()}</error><system-err>invalid selector: The result of the xpath expression "//*[@id="undefined__btn"]/text()" is: [object Text]. It should be an element.
  (Session info: chrome=87.0.4280.88)
For documentation on this error, please visit: https://www.seleniumhq.org/exceptions/invalid_selector_exception.html
Build info: version: '3.141.59', revision: 'e82be7d358', time: '2018-11-14T08:17:03'
System info: host: 'SSMEDLAPPROAA12', ip: '192.168.1.5', os.name: 'Windows 10', os.arch: 'amd64', os.version: '10.0', java.version: '1.8.0_271'
Driver info: org.openqa.selenium.chrome.ChromeDriver
Capabilities {acceptInsecureCerts: false, browserName: chrome, browserVersion: 87.0.4280.88, chrome: {chromedriverVersion: 86.0.4240.22 (398b0743353ff..., userDataDir: C:\Users\ALVARO~1.ANG\AppDa...}, goog:chromeOptions: {debuggerAddress: localhost:62681}, javascriptEnabled: true, networkConnectionEnabled: false, pageLoadStrategy: normal, platform: WINDOWS, platformName: WINDOWS, proxy: Proxy(), setWindowRect: true, strictFileInteractability: false, timeouts: {implicit: 0, pageLoad: 300000, script: 30000}, unhandledPromptBehavior: dismiss and notify, webauthn:virtualAuthenticators: true}
Session ID: 156ba69c6cd5223bbf93aeb7ef529d89
*** Element info: {Using=xpath, value=//*[@id="undefined__btn"]/text()}&#13;
co.com.certification.challenge.Automation.stepdefinitions.TraveloCity.heVerifiesThatInTheGuestOptionThereIsTheNumberOfPeopleThatTheUserEntered(TraveloCity.java:50)&#13;
✽.he verifies that in the guest option there is the number of people that the user entered 1 hab., 4 huéspedes(src/test/resources/features/ChallengeAutomation.feature:21)&#13;
</system-err></testcase></testsuite>